{"C:\\Users\\SaiSree\\Desktop\\sonar-test\\src\\components\\atoms\\Avatar\\index.tsx": {"path":"C:\\Users\\SaiSree\\Desktop\\sonar-test\\src\\components\\atoms\\Avatar\\index.tsx","statementMap":{"0":{"start":{"line":3,"column":24},"end":{"line":7,"column":1}},"1":{"start":{"line":4,"column":2},"end":{"line":6,"column":3}}},"fnMap":{"0":{"name":"(anonymous_0)","decl":{"start":{"line":3,"column":24},"end":{"line":3,"column":25}},"loc":{"start":{"line":3,"column":60},"end":{"line":7,"column":1}},"line":3}},"branchMap":{},"s":{"0":3,"1":14},"f":{"0":14},"b":{},"_coverageSchema":"1a1c01bbd47fc00a2c39e90264f33305004495a9","hash":"745107591781b1ceae5764811b0c94e759590f36"}
,"C:\\Users\\SaiSree\\Desktop\\sonar-test\\src\\components\\atoms\\Button\\index.tsx": {"path":"C:\\Users\\SaiSree\\Desktop\\sonar-test\\src\\components\\atoms\\Button\\index.tsx","statementMap":{"0":{"start":{"line":4,"column":19},"end":{"line":9,"column":3}},"1":{"start":{"line":4,"column":63},"end":{"line":9,"column":1}},"2":{"start":{"line":11,"column":18},"end":{"line":13,"column":1}},"3":{"start":{"line":12,"column":1},"end":{"line":12,"column":45}}},"fnMap":{"0":{"name":"(anonymous_0)","decl":{"start":{"line":4,"column":47},"end":{"line":4,"column":48}},"loc":{"start":{"line":4,"column":63},"end":{"line":9,"column":1}},"line":4},"1":{"name":"(anonymous_1)","decl":{"start":{"line":11,"column":18},"end":{"line":11,"column":19}},"loc":{"start":{"line":11,"column":42},"end":{"line":13,"column":1}},"line":11}},"branchMap":{},"s":{"0":3,"1":7,"2":3,"3":7},"f":{"0":7,"1":7},"b":{},"_coverageSchema":"1a1c01bbd47fc00a2c39e90264f33305004495a9","hash":"0729e4ba9e5554253c3c47cc492ff6da29c5a06c"}
,"C:\\Users\\SaiSree\\Desktop\\sonar-test\\src\\components\\atoms\\Icon\\index.tsx": {"path":"C:\\Users\\SaiSree\\Desktop\\sonar-test\\src\\components\\atoms\\Icon\\index.tsx","statementMap":{"0":{"start":{"line":11,"column":19},"end":{"line":15,"column":3}},"1":{"start":{"line":11,"column":65},"end":{"line":15,"column":1}},"2":{"start":{"line":16,"column":13},"end":{"line":31,"column":1}},"3":{"start":{"line":17,"column":45},"end":{"line":17,"column":50}},"4":{"start":{"line":18,"column":2},"end":{"line":30,"column":3}}},"fnMap":{"0":{"name":"(anonymous_0)","decl":{"start":{"line":11,"column":33},"end":{"line":11,"column":34}},"loc":{"start":{"line":11,"column":65},"end":{"line":15,"column":1}},"line":11},"1":{"name":"(anonymous_1)","decl":{"start":{"line":16,"column":13},"end":{"line":16,"column":14}},"loc":{"start":{"line":16,"column":44},"end":{"line":31,"column":1}},"line":16}},"branchMap":{},"s":{"0":9,"1":102,"2":9,"3":102,"4":102},"f":{"0":102,"1":102},"b":{},"_coverageSchema":"1a1c01bbd47fc00a2c39e90264f33305004495a9","hash":"e5d648b6773077183b4c7f8fc495894fd022f6a2"}
,"C:\\Users\\SaiSree\\Desktop\\sonar-test\\src\\components\\atoms\\Image\\index.tsx": {"path":"C:\\Users\\SaiSree\\Desktop\\sonar-test\\src\\components\\atoms\\Image\\index.tsx","statementMap":{"0":{"start":{"line":9,"column":21},"end":{"line":13,"column":1}},"1":{"start":{"line":10,"column":2},"end":{"line":12,"column":4}}},"fnMap":{"0":{"name":"(anonymous_0)","decl":{"start":{"line":9,"column":21},"end":{"line":9,"column":22}},"loc":{"start":{"line":9,"column":44},"end":{"line":13,"column":1}},"line":9}},"branchMap":{},"s":{"0":4,"1":31},"f":{"0":31},"b":{},"_coverageSchema":"1a1c01bbd47fc00a2c39e90264f33305004495a9","hash":"08575af0b0feae4ca16422541ac2ea4deacaae1c"}
,"C:\\Users\\SaiSree\\Desktop\\sonar-test\\src\\components\\atoms\\Input\\index.tsx": {"path":"C:\\Users\\SaiSree\\Desktop\\sonar-test\\src\\components\\atoms\\Input\\index.tsx","statementMap":{"0":{"start":{"line":12,"column":53},"end":{"line":28,"column":1}},"1":{"start":{"line":13,"column":42},"end":{"line":13,"column":47}},"2":{"start":{"line":14,"column":2},"end":{"line":27,"column":4}}},"fnMap":{"0":{"name":"(anonymous_0)","decl":{"start":{"line":12,"column":53},"end":{"line":12,"column":54}},"loc":{"start":{"line":12,"column":64},"end":{"line":28,"column":1}},"line":12}},"branchMap":{"0":{"loc":{"start":{"line":13,"column":10},"end":{"line":13,"column":25}},"type":"default-arg","locations":[{"start":{"line":13,"column":18},"end":{"line":13,"column":25}}],"line":13}},"s":{"0":1,"1":2,"2":2},"f":{"0":2},"b":{"0":[1]},"_coverageSchema":"1a1c01bbd47fc00a2c39e90264f33305004495a9","hash":"86f64a4aa66ec0bf2fd7f819dbff33ff8f001e98"}
,"C:\\Users\\SaiSree\\Desktop\\sonar-test\\src\\components\\atoms\\Typography\\index.tsx": {"path":"C:\\Users\\SaiSree\\Desktop\\sonar-test\\src\\components\\atoms\\Typography\\index.tsx","statementMap":{"0":{"start":{"line":4,"column":69},"end":{"line":14,"column":1}},"1":{"start":{"line":9,"column":2},"end":{"line":13,"column":3}}},"fnMap":{"0":{"name":"(anonymous_0)","decl":{"start":{"line":4,"column":69},"end":{"line":4,"column":70}},"loc":{"start":{"line":8,"column":6},"end":{"line":14,"column":1}},"line":8}},"branchMap":{},"s":{"0":9,"1":93},"f":{"0":93},"b":{},"_coverageSchema":"1a1c01bbd47fc00a2c39e90264f33305004495a9","hash":"58eca29b39d60ca5931dfa8d54e80999d42816d9"}
,"C:\\Users\\SaiSree\\Desktop\\sonar-test\\src\\components\\molecules\\DropDown\\index.tsx": {"path":"C:\\Users\\SaiSree\\Desktop\\sonar-test\\src\\components\\molecules\\DropDown\\index.tsx","statementMap":{"0":{"start":{"line":8,"column":17},"end":{"line":43,"column":1}},"1":{"start":{"line":9,"column":36},"end":{"line":9,"column":70}},"2":{"start":{"line":10,"column":15},"end":{"line":10,"column":32}},"3":{"start":{"line":11,"column":22},"end":{"line":13,"column":3}},"4":{"start":{"line":12,"column":4},"end":{"line":12,"column":37}},"5":{"start":{"line":14,"column":22},"end":{"line":16,"column":3}},"6":{"start":{"line":15,"column":4},"end":{"line":15,"column":22}},"7":{"start":{"line":17,"column":2},"end":{"line":42,"column":3}}},"fnMap":{"0":{"name":"(anonymous_0)","decl":{"start":{"line":8,"column":17},"end":{"line":8,"column":18}},"loc":{"start":{"line":8,"column":23},"end":{"line":43,"column":1}},"line":8},"1":{"name":"(anonymous_1)","decl":{"start":{"line":11,"column":22},"end":{"line":11,"column":23}},"loc":{"start":{"line":11,"column":95},"end":{"line":13,"column":3}},"line":11},"2":{"name":"(anonymous_2)","decl":{"start":{"line":14,"column":22},"end":{"line":14,"column":23}},"loc":{"start":{"line":14,"column":28},"end":{"line":16,"column":3}},"line":14}},"branchMap":{"0":{"loc":{"start":{"line":22,"column":21},"end":{"line":22,"column":51}},"type":"cond-expr","locations":[{"start":{"line":22,"column":28},"end":{"line":22,"column":39}},{"start":{"line":22,"column":42},"end":{"line":22,"column":51}}],"line":22},"1":{"loc":{"start":{"line":24,"column":21},"end":{"line":24,"column":46}},"type":"cond-expr","locations":[{"start":{"line":24,"column":28},"end":{"line":24,"column":34}},{"start":{"line":24,"column":37},"end":{"line":24,"column":46}}],"line":24},"2":{"loc":{"start":{"line":25,"column":11},"end":{"line":25,"column":32}},"type":"cond-expr","locations":[{"start":{"line":25,"column":16},"end":{"line":25,"column":23}},{"start":{"line":25,"column":24},"end":{"line":25,"column":32}}],"line":25}},"s":{"0":2,"1":5,"2":5,"3":5,"4":2,"5":5,"6":1,"7":5},"f":{"0":5,"1":2,"2":1},"b":{"0":[2,3],"1":[2,3],"2":[2,3]},"_coverageSchema":"1a1c01bbd47fc00a2c39e90264f33305004495a9","hash":"e9025fe2287212b3a9fcfa6f379db9b44f31e1cb"}
,"C:\\Users\\SaiSree\\Desktop\\sonar-test\\src\\components\\molecules\\Dropper\\index.tsx": {"path":"C:\\Users\\SaiSree\\Desktop\\sonar-test\\src\\components\\molecules\\Dropper\\index.tsx","statementMap":{"0":{"start":{"line":15,"column":23},"end":{"line":35,"column":3}},"1":{"start":{"line":15,"column":45},"end":{"line":35,"column":1}},"2":{"start":{"line":36,"column":18},"end":{"line":45,"column":3}},"3":{"start":{"line":36,"column":37},"end":{"line":45,"column":1}},"4":{"start":{"line":46,"column":40},"end":{"line":77,"column":1}},"5":{"start":{"line":47,"column":57},"end":{"line":47,"column":62}},"6":{"start":{"line":48,"column":2},"end":{"line":76,"column":3}},"7":{"start":{"line":52,"column":23},"end":{"line":52,"column":47}},"8":{"start":{"line":55,"column":8},"end":{"line":57,"column":20}},"9":{"start":{"line":71,"column":8},"end":{"line":73,"column":19}}},"fnMap":{"0":{"name":"(anonymous_0)","decl":{"start":{"line":15,"column":38},"end":{"line":15,"column":39}},"loc":{"start":{"line":15,"column":45},"end":{"line":35,"column":1}},"line":15},"1":{"name":"(anonymous_1)","decl":{"start":{"line":36,"column":30},"end":{"line":36,"column":31}},"loc":{"start":{"line":36,"column":37},"end":{"line":45,"column":1}},"line":36},"2":{"name":"(anonymous_2)","decl":{"start":{"line":46,"column":40},"end":{"line":46,"column":41}},"loc":{"start":{"line":46,"column":51},"end":{"line":77,"column":1}},"line":46},"3":{"name":"(anonymous_3)","decl":{"start":{"line":52,"column":16},"end":{"line":52,"column":17}},"loc":{"start":{"line":52,"column":23},"end":{"line":52,"column":47}},"line":52},"4":{"name":"(anonymous_4)","decl":{"start":{"line":54,"column":21},"end":{"line":54,"column":22}},"loc":{"start":{"line":55,"column":8},"end":{"line":57,"column":20}},"line":55},"5":{"name":"(anonymous_5)","decl":{"start":{"line":70,"column":20},"end":{"line":70,"column":21}},"loc":{"start":{"line":71,"column":8},"end":{"line":73,"column":19}},"line":71}},"branchMap":{},"s":{"0":2,"1":4,"2":2,"3":10,"4":2,"5":4,"6":4,"7":1,"8":10,"9":12},"f":{"0":4,"1":10,"2":4,"3":1,"4":10,"5":12},"b":{},"_coverageSchema":"1a1c01bbd47fc00a2c39e90264f33305004495a9","hash":"ea5918a058f5e03d54fbeffea71d8e48d69e33d6"}
,"C:\\Users\\SaiSree\\Desktop\\sonar-test\\src\\components\\molecules\\Footer\\index.tsx": {"path":"C:\\Users\\SaiSree\\Desktop\\sonar-test\\src\\components\\molecules\\Footer\\index.tsx","statementMap":{"0":{"start":{"line":7,"column":18},"end":{"line":22,"column":2}},"1":{"start":{"line":23,"column":22},"end":{"line":30,"column":2}},"2":{"start":{"line":31,"column":29},"end":{"line":33,"column":2}},"3":{"start":{"line":34,"column":30},"end":{"line":36,"column":2}},"4":{"start":{"line":37,"column":21},"end":{"line":45,"column":2}},"5":{"start":{"line":46,"column":23},"end":{"line":49,"column":2}},"6":{"start":{"line":50,"column":15},"end":{"line":74,"column":1}},"7":{"start":{"line":51,"column":2},"end":{"line":73,"column":3}}},"fnMap":{"0":{"name":"(anonymous_0)","decl":{"start":{"line":50,"column":15},"end":{"line":50,"column":16}},"loc":{"start":{"line":50,"column":21},"end":{"line":74,"column":1}},"line":50},"1":{"name":"(anonymous_1)","decl":{"start":{"line":67,"column":31},"end":{"line":67,"column":32}},"loc":{"start":{"line":67,"column":37},"end":{"line":67,"column":40}},"line":67}},"branchMap":{},"s":{"0":1,"1":1,"2":1,"3":1,"4":1,"5":1,"6":1,"7":3},"f":{"0":3,"1":0},"b":{},"_coverageSchema":"1a1c01bbd47fc00a2c39e90264f33305004495a9","hash":"34b074c68c7348cfe8a77f3c55199521fda7ee09"}
,"C:\\Users\\SaiSree\\Desktop\\sonar-test\\src\\components\\molecules\\IconTypo\\index.tsx": {"path":"C:\\Users\\SaiSree\\Desktop\\sonar-test\\src\\components\\molecules\\IconTypo\\index.tsx","statementMap":{"0":{"start":{"line":26,"column":19},"end":{"line":32,"column":3}},"1":{"start":{"line":26,"column":60},"end":{"line":32,"column":1}},"2":{"start":{"line":33,"column":22},"end":{"line":37,"column":2}},"3":{"start":{"line":38,"column":27},"end":{"line":83,"column":1}},"4":{"start":{"line":54,"column":6},"end":{"line":54,"column":11}},"5":{"start":{"line":55,"column":2},"end":{"line":82,"column":3}}},"fnMap":{"0":{"name":"(anonymous_0)","decl":{"start":{"line":26,"column":31},"end":{"line":26,"column":32}},"loc":{"start":{"line":26,"column":60},"end":{"line":32,"column":1}},"line":26},"1":{"name":"(anonymous_1)","decl":{"start":{"line":38,"column":27},"end":{"line":38,"column":28}},"loc":{"start":{"line":38,"column":63},"end":{"line":83,"column":1}},"line":38}},"branchMap":{"0":{"loc":{"start":{"line":30,"column":7},"end":{"line":30,"column":59}},"type":"cond-expr","locations":[{"start":{"line":30,"column":30},"end":{"line":30,"column":50}},{"start":{"line":30,"column":53},"end":{"line":30,"column":59}}],"line":30},"1":{"loc":{"start":{"line":31,"column":10},"end":{"line":31,"column":43}},"type":"cond-expr","locations":[{"start":{"line":31,"column":25},"end":{"line":31,"column":37}},{"start":{"line":31,"column":40},"end":{"line":31,"column":43}}],"line":31},"2":{"loc":{"start":{"line":63,"column":51},"end":{"line":63,"column":89}},"type":"cond-expr","locations":[{"start":{"line":63,"column":67},"end":{"line":63,"column":81}},{"start":{"line":63,"column":84},"end":{"line":63,"column":89}}],"line":63},"3":{"loc":{"start":{"line":70,"column":11},"end":{"line":78,"column":11}},"type":"binary-expr","locations":[{"start":{"line":70,"column":11},"end":{"line":70,"column":18}},{"start":{"line":71,"column":12},"end":{"line":77,"column":34}}],"line":70}},"s":{"0":2,"1":7,"2":2,"3":2,"4":7,"5":7},"f":{"0":7,"1":7},"b":{"0":[2,5],"1":[1,6],"2":[1,6],"3":[7,4]},"_coverageSchema":"1a1c01bbd47fc00a2c39e90264f33305004495a9","hash":"9155858d5d803538cff7f6826fdc2a42e797ff0e"}
,"C:\\Users\\SaiSree\\Desktop\\sonar-test\\src\\components\\organisms\\ApplicationHeader\\index.tsx": {"path":"C:\\Users\\SaiSree\\Desktop\\sonar-test\\src\\components\\organisms\\ApplicationHeader\\index.tsx","statementMap":{"0":{"start":{"line":12,"column":24},"end":{"line":52,"column":1}},"1":{"start":{"line":13,"column":19},"end":{"line":15,"column":5}},"2":{"start":{"line":14,"column":8},"end":{"line":14,"column":43}},"3":{"start":{"line":16,"column":18},"end":{"line":18,"column":5}},"4":{"start":{"line":17,"column":8},"end":{"line":17,"column":41}},"5":{"start":{"line":19,"column":4},"end":{"line":51,"column":5}},"6":{"start":{"line":27,"column":41},"end":{"line":27,"column":57}},"7":{"start":{"line":55,"column":17},"end":{"line":62,"column":2}},"8":{"start":{"line":63,"column":23},"end":{"line":72,"column":1}},"9":{"start":{"line":73,"column":24},"end":{"line":82,"column":1}}},"fnMap":{"0":{"name":"(anonymous_0)","decl":{"start":{"line":12,"column":24},"end":{"line":12,"column":25}},"loc":{"start":{"line":12,"column":28},"end":{"line":52,"column":1}},"line":12},"1":{"name":"(anonymous_1)","decl":{"start":{"line":13,"column":19},"end":{"line":13,"column":20}},"loc":{"start":{"line":13,"column":34},"end":{"line":15,"column":5}},"line":13},"2":{"name":"(anonymous_2)","decl":{"start":{"line":16,"column":18},"end":{"line":16,"column":19}},"loc":{"start":{"line":16,"column":22},"end":{"line":18,"column":5}},"line":16},"3":{"name":"(anonymous_3)","decl":{"start":{"line":27,"column":37},"end":{"line":27,"column":38}},"loc":{"start":{"line":27,"column":41},"end":{"line":27,"column":57}},"line":27}},"branchMap":{},"s":{"0":1,"1":1,"2":1,"3":1,"4":1,"5":1,"6":1,"7":1,"8":1,"9":1},"f":{"0":1,"1":1,"2":1,"3":1},"b":{},"_coverageSchema":"1a1c01bbd47fc00a2c39e90264f33305004495a9","hash":"70a58bcef362e333a7bd8b5aaf5cb696db143f55"}
,"C:\\Users\\SaiSree\\Desktop\\sonar-test\\src\\components\\organisms\\MyPortfolio\\index.tsx": {"path":"C:\\Users\\SaiSree\\Desktop\\sonar-test\\src\\components\\organisms\\MyPortfolio\\index.tsx","statementMap":{"0":{"start":{"line":12,"column":22},"end":{"line":15,"column":2}},"1":{"start":{"line":16,"column":19},"end":{"line":27,"column":2}},"2":{"start":{"line":28,"column":20},"end":{"line":105,"column":1}},"3":{"start":{"line":34,"column":6},"end":{"line":34,"column":11}},"4":{"start":{"line":35,"column":2},"end":{"line":104,"column":3}}},"fnMap":{"0":{"name":"(anonymous_0)","decl":{"start":{"line":28,"column":20},"end":{"line":28,"column":21}},"loc":{"start":{"line":28,"column":49},"end":{"line":105,"column":1}},"line":28}},"branchMap":{},"s":{"0":2,"1":2,"2":2,"3":5,"4":5},"f":{"0":5},"b":{},"_coverageSchema":"1a1c01bbd47fc00a2c39e90264f33305004495a9","hash":"7dc7c4ffdc008279b5a07aa41e6ad0bf36d32644"}
,"C:\\Users\\SaiSree\\Desktop\\sonar-test\\src\\components\\organisms\\NavigationBar\\index.tsx": {"path":"C:\\Users\\SaiSree\\Desktop\\sonar-test\\src\\components\\organisms\\NavigationBar\\index.tsx","statementMap":{"0":{"start":{"line":11,"column":20},"end":{"line":16,"column":2}},"1":{"start":{"line":17,"column":21},"end":{"line":21,"column":2}},"2":{"start":{"line":28,"column":23},"end":{"line":37,"column":3}},"3":{"start":{"line":29,"column":2},"end":{"line":29,"column":62}},"4":{"start":{"line":30,"column":19},"end":{"line":37,"column":1}},"5":{"start":{"line":39,"column":22},"end":{"line":60,"column":1}},"6":{"start":{"line":40,"column":38},"end":{"line":40,"column":50}},"7":{"start":{"line":42,"column":22},"end":{"line":45,"column":3}},"8":{"start":{"line":43,"column":4},"end":{"line":43,"column":20}},"9":{"start":{"line":44,"column":4},"end":{"line":44,"column":30}},"10":{"start":{"line":46,"column":2},"end":{"line":59,"column":4}},"11":{"start":{"line":51,"column":10},"end":{"line":55,"column":27}},"12":{"start":{"line":52,"column":39},"end":{"line":52,"column":56}}},"fnMap":{"0":{"name":"(anonymous_0)","decl":{"start":{"line":28,"column":30},"end":{"line":28,"column":31}},"loc":{"start":{"line":29,"column":2},"end":{"line":29,"column":62}},"line":29},"1":{"name":"(anonymous_1)","decl":{"start":{"line":30,"column":3},"end":{"line":30,"column":4}},"loc":{"start":{"line":30,"column":19},"end":{"line":37,"column":1}},"line":30},"2":{"name":"(anonymous_2)","decl":{"start":{"line":39,"column":22},"end":{"line":39,"column":23}},"loc":{"start":{"line":39,"column":28},"end":{"line":60,"column":1}},"line":39},"3":{"name":"(anonymous_3)","decl":{"start":{"line":42,"column":22},"end":{"line":42,"column":23}},"loc":{"start":{"line":42,"column":47},"end":{"line":45,"column":3}},"line":42},"4":{"name":"(anonymous_4)","decl":{"start":{"line":50,"column":28},"end":{"line":50,"column":29}},"loc":{"start":{"line":51,"column":10},"end":{"line":55,"column":27}},"line":51},"5":{"name":"(anonymous_5)","decl":{"start":{"line":52,"column":33},"end":{"line":52,"column":34}},"loc":{"start":{"line":52,"column":39},"end":{"line":52,"column":56}},"line":52}},"branchMap":{"0":{"loc":{"start":{"line":53,"column":27},"end":{"line":53,"column":77}},"type":"cond-expr","locations":[{"start":{"line":53,"column":54},"end":{"line":53,"column":65}},{"start":{"line":53,"column":68},"end":{"line":53,"column":77}}],"line":53}},"s":{"0":1,"1":1,"2":1,"3":55,"4":55,"5":1,"6":11,"7":11,"8":5,"9":5,"10":11,"11":55,"12":5},"f":{"0":55,"1":55,"2":11,"3":5,"4":55,"5":5},"b":{"0":[5,50]},"_coverageSchema":"1a1c01bbd47fc00a2c39e90264f33305004495a9","hash":"7352b90e76613a18fab78a909b74c19b51d31a71"}
,"C:\\Users\\SaiSree\\Desktop\\sonar-test\\src\\components\\organisms\\RecentTransactions\\index.tsx": {"path":"C:\\Users\\SaiSree\\Desktop\\sonar-test\\src\\components\\organisms\\RecentTransactions\\index.tsx","statementMap":{"0":{"start":{"line":9,"column":19},"end":{"line":16,"column":3}},"1":{"start":{"line":9,"column":39},"end":{"line":16,"column":1}},"2":{"start":{"line":17,"column":23},"end":{"line":25,"column":3}},"3":{"start":{"line":17,"column":42},"end":{"line":25,"column":1}},"4":{"start":{"line":26,"column":36},"end":{"line":42,"column":1}},"5":{"start":{"line":31,"column":6},"end":{"line":31,"column":11}},"6":{"start":{"line":33,"column":2},"end":{"line":41,"column":3}}},"fnMap":{"0":{"name":"(anonymous_0)","decl":{"start":{"line":9,"column":32},"end":{"line":9,"column":33}},"loc":{"start":{"line":9,"column":39},"end":{"line":16,"column":1}},"line":9},"1":{"name":"(anonymous_1)","decl":{"start":{"line":17,"column":35},"end":{"line":17,"column":36}},"loc":{"start":{"line":17,"column":42},"end":{"line":25,"column":1}},"line":17},"2":{"name":"(anonymous_2)","decl":{"start":{"line":26,"column":36},"end":{"line":26,"column":37}},"loc":{"start":{"line":26,"column":72},"end":{"line":42,"column":1}},"line":26}},"branchMap":{},"s":{"0":2,"1":6,"2":2,"3":6,"4":2,"5":6,"6":6},"f":{"0":6,"1":6,"2":6},"b":{},"_coverageSchema":"1a1c01bbd47fc00a2c39e90264f33305004495a9","hash":"c709218017fe2872fef11a54cad59ac7a2764eea"}
,"C:\\Users\\SaiSree\\Desktop\\sonar-test\\src\\components\\organisms\\WatchlistBar\\index.tsx": {"path":"C:\\Users\\SaiSree\\Desktop\\sonar-test\\src\\components\\organisms\\WatchlistBar\\index.tsx","statementMap":{"0":{"start":{"line":18,"column":18},"end":{"line":22,"column":3}},"1":{"start":{"line":18,"column":57},"end":{"line":22,"column":1}},"2":{"start":{"line":23,"column":17},"end":{"line":31,"column":2}},"3":{"start":{"line":32,"column":18},"end":{"line":99,"column":1}},"4":{"start":{"line":39,"column":6},"end":{"line":39,"column":11}},"5":{"start":{"line":40,"column":2},"end":{"line":98,"column":3}}},"fnMap":{"0":{"name":"(anonymous_0)","decl":{"start":{"line":18,"column":30},"end":{"line":18,"column":31}},"loc":{"start":{"line":18,"column":57},"end":{"line":22,"column":1}},"line":18},"1":{"name":"(anonymous_1)","decl":{"start":{"line":32,"column":18},"end":{"line":32,"column":19}},"loc":{"start":{"line":32,"column":45},"end":{"line":99,"column":1}},"line":32}},"branchMap":{"0":{"loc":{"start":{"line":21,"column":7},"end":{"line":21,"column":37}},"type":"cond-expr","locations":[{"start":{"line":21,"column":19},"end":{"line":21,"column":28}},{"start":{"line":21,"column":31},"end":{"line":21,"column":37}}],"line":21},"1":{"loc":{"start":{"line":54,"column":29},"end":{"line":56,"column":31}},"type":"cond-expr","locations":[{"start":{"line":55,"column":26},"end":{"line":55,"column":58}},{"start":{"line":56,"column":26},"end":{"line":56,"column":31}}],"line":54},"2":{"loc":{"start":{"line":76,"column":29},"end":{"line":78,"column":31}},"type":"cond-expr","locations":[{"start":{"line":77,"column":26},"end":{"line":77,"column":58}},{"start":{"line":78,"column":26},"end":{"line":78,"column":31}}],"line":76}},"s":{"0":2,"1":28,"2":2,"3":2,"4":7,"5":7},"f":{"0":28,"1":7},"b":{"0":[14,14],"1":[7,0],"2":[7,0]},"_coverageSchema":"1a1c01bbd47fc00a2c39e90264f33305004495a9","hash":"0fd1f40b45a96c80b49385a642c79294e4982505"}
,"C:\\Users\\SaiSree\\Desktop\\sonar-test\\src\\components\\pages\\DashboardPage\\index.tsx": {"path":"C:\\Users\\SaiSree\\Desktop\\sonar-test\\src\\components\\pages\\DashboardPage\\index.tsx","statementMap":{"0":{"start":{"line":15,"column":24},"end":{"line":19,"column":2}},"1":{"start":{"line":20,"column":30},"end":{"line":22,"column":2}},"2":{"start":{"line":23,"column":24},"end":{"line":25,"column":2}},"3":{"start":{"line":26,"column":31},"end":{"line":28,"column":2}},"4":{"start":{"line":29,"column":22},"end":{"line":31,"column":2}},"5":{"start":{"line":32,"column":22},"end":{"line":100,"column":1}},"6":{"start":{"line":37,"column":6},"end":{"line":37,"column":11}},"7":{"start":{"line":38,"column":2},"end":{"line":99,"column":3}}},"fnMap":{"0":{"name":"(anonymous_0)","decl":{"start":{"line":32,"column":22},"end":{"line":32,"column":23}},"loc":{"start":{"line":32,"column":49},"end":{"line":100,"column":1}},"line":32}},"branchMap":{},"s":{"0":1,"1":1,"2":1,"3":1,"4":1,"5":1,"6":3,"7":3},"f":{"0":3},"b":{},"_coverageSchema":"1a1c01bbd47fc00a2c39e90264f33305004495a9","hash":"f4f82300f59ad514c6aaecbd3311ce486388b3df"}
,"C:\\Users\\SaiSree\\Desktop\\sonar-test\\src\\components\\utils\\constants.ts": {"path":"C:\\Users\\SaiSree\\Desktop\\sonar-test\\src\\components\\utils\\constants.ts","statementMap":{"0":{"start":{"line":13,"column":17},"end":{"line":13,"column":22}},"1":{"start":{"line":14,"column":18},"end":{"line":14,"column":24}},"2":{"start":{"line":16,"column":29},"end":{"line":54,"column":1}},"3":{"start":{"line":21,"column":22},"end":{"line":21,"column":49}},"4":{"start":{"line":28,"column":22},"end":{"line":28,"column":48}},"5":{"start":{"line":35,"column":22},"end":{"line":35,"column":42}},"6":{"start":{"line":42,"column":22},"end":{"line":42,"column":49}},"7":{"start":{"line":49,"column":22},"end":{"line":49,"column":43}}},"fnMap":{"0":{"name":"(anonymous_0)","decl":{"start":{"line":21,"column":17},"end":{"line":21,"column":18}},"loc":{"start":{"line":21,"column":21},"end":{"line":21,"column":50}},"line":21},"1":{"name":"(anonymous_1)","decl":{"start":{"line":28,"column":17},"end":{"line":28,"column":18}},"loc":{"start":{"line":28,"column":21},"end":{"line":28,"column":49}},"line":28},"2":{"name":"(anonymous_2)","decl":{"start":{"line":35,"column":17},"end":{"line":35,"column":18}},"loc":{"start":{"line":35,"column":21},"end":{"line":35,"column":43}},"line":35},"3":{"name":"(anonymous_3)","decl":{"start":{"line":42,"column":17},"end":{"line":42,"column":18}},"loc":{"start":{"line":42,"column":21},"end":{"line":42,"column":50}},"line":42},"4":{"name":"(anonymous_4)","decl":{"start":{"line":49,"column":17},"end":{"line":49,"column":18}},"loc":{"start":{"line":49,"column":21},"end":{"line":49,"column":44}},"line":49}},"branchMap":{},"s":{"0":2,"1":2,"2":2,"3":1,"4":1,"5":1,"6":1,"7":1},"f":{"0":1,"1":1,"2":1,"3":1,"4":1},"b":{},"_coverageSchema":"1a1c01bbd47fc00a2c39e90264f33305004495a9","hash":"ef089c87e40b36ee4e892081c10d43db09c805d2"}
,"C:\\Users\\SaiSree\\Desktop\\sonar-test\\src\\theme\\theme.ts": {"path":"C:\\Users\\SaiSree\\Desktop\\sonar-test\\src\\theme\\theme.ts","statementMap":{"0":{"start":{"line":84,"column":21},"end":{"line":199,"column":2}}},"fnMap":{},"branchMap":{},"s":{"0":8},"f":{},"b":{},"_coverageSchema":"1a1c01bbd47fc00a2c39e90264f33305004495a9","hash":"d8da5d7f6550b391fe3abe8281503a36623058fe"}
}
