TN:
SF:src\components\atoms\Avatar\index.tsx
FN:3,(anonymous_2)
FNF:1
FNH:1
FNDA:2,(anonymous_2)
DA:2,1
DA:3,1
DA:4,2
DA:9,1
LF:4
LH:4
BRF:0
BRH:0
end_of_record
TN:
SF:src\components\atoms\Button\index.tsx
FN:4,(anonymous_2)
FN:11,(anonymous_3)
FNF:2
FNH:2
FNDA:2,(anonymous_2)
FNDA:2,(anonymous_3)
DA:1,1
DA:2,1
DA:4,2
DA:11,1
DA:12,2
DA:14,1
LF:6
LH:6
BRF:0
BRH:0
end_of_record
TN:
SF:src\components\atoms\Icon\index.tsx
FN:9,(anonymous_1)
FNF:1
FNH:1
FNDA:6,(anonymous_1)
DA:2,1
DA:9,1
DA:10,6
DA:21,1
LF:4
LH:4
BRF:0
BRH:0
end_of_record
TN:
SF:src\components\atoms\Image\index.tsx
FN:9,(anonymous_0)
FNF:1
FNH:1
FNDA:3,(anonymous_0)
DA:9,1
DA:10,3
LF:2
LH:2
BRF:0
BRH:0
end_of_record
TN:
SF:src\components\atoms\Input\index.tsx
FN:12,(anonymous_2)
FNF:1
FNH:1
FNDA:2,(anonymous_2)
DA:2,1
DA:12,1
DA:13,4
DA:14,2
DA:30,1
LF:5
LH:5
BRDA:13,0,0,1
BRDA:13,0,1,1
BRF:2
BRH:2
end_of_record
TN:
SF:src\components\atoms\Typography\index.tsx
FN:20,(anonymous_3)
FNF:1
FNH:1
FNDA:1,(anonymous_3)
DA:2,1
DA:20,1
DA:21,1
DA:22,1
DA:23,1
DA:24,1
DA:25,1
DA:27,1
LF:8
LH:8
BRF:0
BRH:0
end_of_record
