TN:
SF:src\components\atoms\Avatar\index.tsx
FN:3,(anonymous_0)
FNF:1
FNH:1
FNDA:14,(anonymous_0)
DA:3,3
DA:4,14
LF:2
LH:2
BRF:0
BRH:0
end_of_record
TN:
SF:src\components\atoms\Button\index.tsx
FN:4,(anonymous_0)
FN:11,(anonymous_1)
FNF:2
FNH:2
FNDA:7,(anonymous_0)
FNDA:7,(anonymous_1)
DA:4,7
DA:11,3
DA:12,7
LF:3
LH:3
BRF:0
BRH:0
end_of_record
TN:
SF:src\components\atoms\Icon\index.tsx
FN:11,(anonymous_0)
FN:16,(anonymous_1)
FNF:2
FNH:2
FNDA:102,(anonymous_0)
FNDA:102,(anonymous_1)
DA:11,102
DA:16,9
DA:17,102
DA:18,102
LF:4
LH:4
BRF:0
BRH:0
end_of_record
TN:
SF:src\components\atoms\Image\index.tsx
FN:9,(anonymous_0)
FNF:1
FNH:1
FNDA:31,(anonymous_0)
DA:9,4
DA:10,31
LF:2
LH:2
BRF:0
BRH:0
end_of_record
TN:
SF:src\components\atoms\Input\index.tsx
FN:12,(anonymous_0)
FNF:1
FNH:1
FNDA:2,(anonymous_0)
DA:12,1
DA:13,2
DA:14,2
LF:3
LH:3
BRDA:13,0,0,1
BRF:1
BRH:1
end_of_record
TN:
SF:src\components\atoms\Typography\index.tsx
FN:4,(anonymous_0)
FNF:1
FNH:1
FNDA:93,(anonymous_0)
DA:4,9
DA:9,93
LF:2
LH:2
BRF:0
BRH:0
end_of_record
TN:
SF:src\components\molecules\DropDown\index.tsx
FN:8,(anonymous_0)
FN:11,(anonymous_1)
FN:14,(anonymous_2)
FNF:3
FNH:3
FNDA:5,(anonymous_0)
FNDA:2,(anonymous_1)
FNDA:1,(anonymous_2)
DA:8,2
DA:9,5
DA:10,5
DA:11,5
DA:12,2
DA:14,5
DA:15,1
DA:17,5
LF:8
LH:8
BRDA:22,0,0,2
BRDA:22,0,1,3
BRDA:24,1,0,2
BRDA:24,1,1,3
BRDA:25,2,0,2
BRDA:25,2,1,3
BRF:6
BRH:6
end_of_record
TN:
SF:src\components\molecules\Dropper\index.tsx
FN:14,(anonymous_0)
FN:35,(anonymous_1)
FN:44,(anonymous_2)
FN:49,(anonymous_3)
FN:55,(anonymous_4)
FN:69,(anonymous_5)
FNF:6
FNH:6
FNDA:4,(anonymous_0)
FNDA:10,(anonymous_1)
FNDA:10,(anonymous_2)
FNDA:4,(anonymous_3)
FNDA:1,(anonymous_4)
FNDA:12,(anonymous_5)
DA:14,4
DA:35,10
DA:44,2
DA:45,10
DA:49,2
DA:50,4
DA:51,4
DA:55,1
DA:70,12
LF:9
LH:9
BRF:0
BRH:0
end_of_record
TN:
SF:src\components\molecules\Footer\index.tsx
FN:51,(anonymous_0)
FN:68,(anonymous_1)
FNF:2
FNH:1
FNDA:3,(anonymous_0)
FNDA:0,(anonymous_1)
DA:8,1
DA:24,1
DA:32,1
DA:35,1
DA:38,1
DA:47,1
DA:51,1
DA:52,3
LF:8
LH:8
BRF:0
BRH:0
end_of_record
TN:
SF:src\components\molecules\IconTypo\index.tsx
FN:26,(anonymous_0)
FN:38,(anonymous_1)
FNF:2
FNH:2
FNDA:7,(anonymous_0)
FNDA:7,(anonymous_1)
DA:26,7
DA:33,2
DA:38,2
DA:54,7
DA:55,7
LF:5
LH:5
BRDA:30,0,0,2
BRDA:30,0,1,5
BRDA:31,1,0,1
BRDA:31,1,1,6
BRDA:63,2,0,1
BRDA:63,2,1,6
BRDA:70,3,0,7
BRDA:70,3,1,4
BRF:8
BRH:8
end_of_record
TN:
SF:src\components\organisms\ApplicationHeader\index.tsx
FN:12,(anonymous_0)
FN:13,(anonymous_1)
FN:16,(anonymous_2)
FN:27,(anonymous_3)
FNF:4
FNH:4
FNDA:1,(anonymous_0)
FNDA:1,(anonymous_1)
FNDA:1,(anonymous_2)
FNDA:1,(anonymous_3)
DA:12,1
DA:13,1
DA:14,1
DA:16,1
DA:17,1
DA:19,1
DA:27,1
DA:55,1
DA:63,1
DA:73,1
LF:10
LH:10
BRF:0
BRH:0
end_of_record
TN:
SF:src\components\organisms\MyPortfolio\index.tsx
FN:28,(anonymous_0)
FNF:1
FNH:1
FNDA:5,(anonymous_0)
DA:12,2
DA:16,2
DA:28,2
DA:34,5
DA:35,5
LF:5
LH:5
BRF:0
BRH:0
end_of_record
TN:
SF:src\components\organisms\NavigationBar\index.tsx
FN:28,(anonymous_0)
FN:30,(anonymous_1)
FN:39,(anonymous_2)
FN:42,(anonymous_3)
FN:50,(anonymous_4)
FN:52,(anonymous_5)
FNF:6
FNH:6
FNDA:55,(anonymous_0)
FNDA:55,(anonymous_1)
FNDA:11,(anonymous_2)
FNDA:5,(anonymous_3)
FNDA:55,(anonymous_4)
FNDA:5,(anonymous_5)
DA:11,1
DA:17,1
DA:28,1
DA:29,55
DA:30,55
DA:39,1
DA:40,11
DA:42,11
DA:43,5
DA:44,5
DA:46,11
DA:51,55
DA:52,5
LF:13
LH:13
BRDA:53,0,0,5
BRDA:53,0,1,50
BRF:2
BRH:2
end_of_record
TN:
SF:src\components\organisms\RecentTransactions\index.tsx
FN:9,(anonymous_0)
FN:17,(anonymous_1)
FN:26,(anonymous_2)
FNF:3
FNH:3
FNDA:6,(anonymous_0)
FNDA:6,(anonymous_1)
FNDA:6,(anonymous_2)
DA:9,6
DA:17,6
DA:26,2
DA:31,6
DA:33,6
LF:5
LH:5
BRF:0
BRH:0
end_of_record
TN:
SF:src\components\organisms\WatchlistBar\index.tsx
FN:18,(anonymous_0)
FN:32,(anonymous_1)
FNF:2
FNH:2
FNDA:28,(anonymous_0)
FNDA:7,(anonymous_1)
DA:18,28
DA:23,2
DA:32,2
DA:39,7
DA:40,7
LF:5
LH:5
BRDA:21,0,0,14
BRDA:21,0,1,14
BRDA:54,1,0,7
BRDA:54,1,1,0
BRDA:76,2,0,7
BRDA:76,2,1,0
BRF:6
BRH:4
end_of_record
TN:
SF:src\components\pages\DashboardPage\index.tsx
FN:32,(anonymous_0)
FNF:1
FNH:1
FNDA:3,(anonymous_0)
DA:15,1
DA:20,1
DA:23,1
DA:26,1
DA:29,1
DA:32,1
DA:37,3
DA:38,3
LF:8
LH:8
BRF:0
BRH:0
end_of_record
TN:
SF:src\components\utils\constants.ts
FN:26,(anonymous_0)
FN:33,(anonymous_1)
FN:40,(anonymous_2)
FN:47,(anonymous_3)
FN:54,(anonymous_4)
FNF:5
FNH:5
FNDA:1,(anonymous_0)
FNDA:1,(anonymous_1)
FNDA:1,(anonymous_2)
FNDA:1,(anonymous_3)
FNDA:1,(anonymous_4)
DA:13,3
DA:14,3
DA:15,3
DA:16,3
DA:17,3
DA:18,3
DA:19,3
DA:20,3
DA:21,3
DA:26,1
DA:33,1
DA:40,1
DA:47,1
DA:54,1
LF:14
LH:14
BRF:0
BRH:0
end_of_record
TN:
SF:src\theme\theme.ts
FNF:0
FNH:0
DA:84,8
LF:1
LH:1
BRF:0
BRH:0
end_of_record
